Using pre-set license
Built from '2020.3/release' branch; Version is '2020.3.7f1 (dd97f2c94397) revision 14522354'; Using compiler version '192528614'; Build Type 'Release'
OS: 'Windows 10 Pro; OS build 19042.1110; Version 2009; 64bit' Language: 'en' Physical Memory: 8142 MB
BatchMode: 1, IsHumanControllingUs: 0, StartBugReporterOnCrash: 0, Is64bit: 1, IsPro: 0

 COMMAND LINE ARGUMENTS:
C:\Program Files\Unity\Hub\Editor\2020.3.7f1\Editor\Unity.exe
-adb2
-batchMode
-noUpm
-name
AssetImportWorker0
-projectPath
G:/Unity Projects/Unity Beginner Course Projects/OOP task 1/Data-Persistence-in-a-new-repo
-logFile
Logs/AssetImportWorker0.log
-srvPort
51214
Successfully changed project path to: G:/Unity Projects/Unity Beginner Course Projects/OOP task 1/Data-Persistence-in-a-new-repo
G:/Unity Projects/Unity Beginner Course Projects/OOP task 1/Data-Persistence-in-a-new-repo
Using Asset Import Pipeline V2.
Refreshing native plugins compatible for Editor in 53.47 ms, found 0 plugins.
Preloading 0 native plugins for Editor in 0.00 ms.
Initialize engine version: 2020.3.7f1 (dd97f2c94397)
[Subsystems] Discovering subsystems at path C:/Program Files/Unity/Hub/Editor/2020.3.7f1/Editor/Data/Resources/UnitySubsystems
[Subsystems] Discovering subsystems at path G:/Unity Projects/Unity Beginner Course Projects/OOP task 1/Data-Persistence-in-a-new-repo/Assets
GfxDevice: creating device client; threaded=0
Direct3D:
    Version:  Direct3D 11.0 [level 11.1]
    Renderer: NVIDIA GeForce GTX 1660 (ID=0x2184)
    Vendor:   
    VRAM:     5991 MB
    Driver:   27.21.14.6627
Shader 'Universal Render Pipeline/Particles/Lit': fallback shader 'Universal Render Pipeline/Particles/SimpleLit' not found
Initialize mono
Mono path[0] = 'C:/Program Files/Unity/Hub/Editor/2020.3.7f1/Editor/Data/Managed'
Mono path[1] = 'C:/Program Files/Unity/Hub/Editor/2020.3.7f1/Editor/Data/MonoBleedingEdge/lib/mono/unityjit'
Mono config path = 'C:/Program Files/Unity/Hub/Editor/2020.3.7f1/Editor/Data/MonoBleedingEdge/etc'
Using monoOptions --debugger-agent=transport=dt_socket,embedding=1,server=y,suspend=n,address=127.0.0.1:56684
Begin MonoManager ReloadAssembly
Registering precompiled unity dll's ...
Register platform support module: C:/Program Files/Unity/Hub/Editor/2020.3.7f1/Editor/Data/PlaybackEngines/WebGLSupport/UnityEditor.WebGL.Extensions.dll
Register platform support module: C:/Program Files/Unity/Hub/Editor/2020.3.7f1/Editor/Data/PlaybackEngines/WindowsStandaloneSupport/UnityEditor.WindowsStandalone.Extensions.dll
Registered in 0.001895 seconds.
Native extension for WindowsStandalone target not found
Native extension for WebGL target not found
Refreshing native plugins compatible for Editor in 41.77 ms, found 0 plugins.
Preloading 0 native plugins for Editor in 0.00 ms.
Mono: successfully reloaded assembly
- Completed reload, in  1.699 seconds
Platform modules already initialized, skipping
Registering precompiled user dll's ...
Registered in 0.001471 seconds.
Begin MonoManager ReloadAssembly
Native extension for WindowsStandalone target not found
Native extension for WebGL target not found
Refreshing native plugins compatible for Editor in 43.68 ms, found 0 plugins.
Preloading 0 native plugins for Editor in 0.00 ms.
Mono: successfully reloaded assembly
- Completed reload, in  1.095 seconds
Platform modules already initialized, skipping
========================================================================
Worker process is ready to serve import requests
Shader 'Universal Render Pipeline/Particles/Lit': fallback shader 'Universal Render Pipeline/Particles/SimpleLit' not found
Launched and connected shader compiler UnityShaderCompiler.exe after 0.06 seconds
Refreshing native plugins compatible for Editor in 0.37 ms, found 0 plugins.
Preloading 0 native plugins for Editor in 0.00 ms.
Unloading 2422 Unused Serialized files (Serialized files now loaded: 0)
System memory in use before: 114.4 MB.
System memory in use after: 114.6 MB.

Unloading 10 unused Assets to reduce memory usage. Loaded Objects now: 2863.
Total: 2.081100 ms (FindLiveObjects: 0.236900 ms CreateObjectMapping: 0.116800 ms MarkObjects: 1.651700 ms  DeleteObjects: 0.074300 ms)

========================================================================
Received Import Request.
  path: Assets/Bounce.physicMaterial
  artifactKey: Guid(bc24b7fc41d5dfb4698e2ca16a37dfad) Importer(815301076,1909f56bfc062723c751e8b465ee728b)
Start importing Assets/Bounce.physicMaterial using Guid(bc24b7fc41d5dfb4698e2ca16a37dfad) Importer(815301076,1909f56bfc062723c751e8b465ee728b)  -> (artifact id: 'e011b0fd221a2873da7883cb90621536') in 0.034497 seconds
  Import took 0.038937 seconds .

========================================================================
Received Prepare
Registering precompiled user dll's ...
Registered in 0.001760 seconds.
Begin MonoManager ReloadAssembly
Native extension for WindowsStandalone target not found
Native extension for WebGL target not found
Refreshing native plugins compatible for Editor in 0.62 ms, found 0 plugins.
Preloading 0 native plugins for Editor in 0.00 ms.
Mono: successfully reloaded assembly
- Completed reload, in  0.993 seconds
Platform modules already initialized, skipping
Shader 'Universal Render Pipeline/Particles/Lit': fallback shader 'Universal Render Pipeline/Particles/SimpleLit' not found
Refreshing native plugins compatible for Editor in 0.38 ms, found 0 plugins.
Preloading 0 native plugins for Editor in 0.00 ms.
Unloading 2313 Unused Serialized files (Serialized files now loaded: 0)
System memory in use before: 107.5 MB.
System memory in use after: 107.7 MB.

Unloading 5 unused Assets to reduce memory usage. Loaded Objects now: 2866.
Total: 3.055000 ms (FindLiveObjects: 0.297400 ms CreateObjectMapping: 0.163300 ms MarkObjects: 2.573000 ms  DeleteObjects: 0.019800 ms)

========================================================================
Received Import Request.
  Time since last request: 169.321291 seconds.
  path: Assets/Scenes
  artifactKey: Guid(b3d8a22b2eaae1048a5db3be5ce09cb2) Importer(815301076,1909f56bfc062723c751e8b465ee728b)
Start importing Assets/Scenes using Guid(b3d8a22b2eaae1048a5db3be5ce09cb2) Importer(815301076,1909f56bfc062723c751e8b465ee728b)  -> (artifact id: 'c2436d515bf46b218cc8ff835d26ba5b') in 0.010984 seconds
  Import took 0.014847 seconds .

========================================================================
Received Import Request.
  Time since last request: 0.821335 seconds.
  path: Assets/Scenes/main.unity
  artifactKey: Guid(78a510c781f19db4da14f78ebb30946a) Importer(815301076,1909f56bfc062723c751e8b465ee728b)
Start importing Assets/Scenes/main.unity using Guid(78a510c781f19db4da14f78ebb30946a) Importer(815301076,1909f56bfc062723c751e8b465ee728b)  -> (artifact id: '307897d572d1294bacce094e45c1f3f0') in 0.016245 seconds
  Import took 0.022048 seconds .

========================================================================
Received Import Request.
  Time since last request: 890.243809 seconds.
  path: Assets/Prefabs
  artifactKey: Guid(1718969a30ed8214ba2c14d0c61a34b2) Importer(815301076,1909f56bfc062723c751e8b465ee728b)
Start importing Assets/Prefabs using Guid(1718969a30ed8214ba2c14d0c61a34b2) Importer(815301076,1909f56bfc062723c751e8b465ee728b)  -> (artifact id: 'c9b24eeace361ee664aa65da60f2d873') in 0.011766 seconds
  Import took 0.018162 seconds .

========================================================================
Received Import Request.
  Time since last request: 0.032273 seconds.
  path: Assets/Prefabs/BrickPrefab.prefab
  artifactKey: Guid(63f25b9733d2bcd4fa2ff6de1264c739) Importer(815301076,1909f56bfc062723c751e8b465ee728b)
Start importing Assets/Prefabs/BrickPrefab.prefab using Guid(63f25b9733d2bcd4fa2ff6de1264c739) Importer(815301076,1909f56bfc062723c751e8b465ee728b)  -> (artifact id: 'f53dab379eca8989fd20ba0207039392') in 0.255903 seconds
  Import took 0.261282 seconds .

========================================================================
Received Import Request.
  Time since last request: 3.724956 seconds.
  path: Assets/Settings
  artifactKey: Guid(0735c275001a2c84dafdb30deced5d8d) Importer(815301076,1909f56bfc062723c751e8b465ee728b)
Start importing Assets/Settings using Guid(0735c275001a2c84dafdb30deced5d8d) Importer(815301076,1909f56bfc062723c751e8b465ee728b)  -> (artifact id: '049f4eaef8f5b623463e4b2e7dd91f02') in 0.009418 seconds
  Import took 0.015052 seconds .

========================================================================
Received Import Request.
  Time since last request: 0.315519 seconds.
  path: Assets/Scripts
  artifactKey: Guid(02a3527b6b33a924e8ec66aa805ea717) Importer(815301076,1909f56bfc062723c751e8b465ee728b)
Start importing Assets/Scripts using Guid(02a3527b6b33a924e8ec66aa805ea717) Importer(815301076,1909f56bfc062723c751e8b465ee728b)  -> (artifact id: 'b344c0b82b8aa901179a7864745fc067') in 0.009352 seconds
  Import took 0.015128 seconds .

========================================================================
Received Import Request.
  Time since last request: 1.572839 seconds.
  path: Assets/Materials
  artifactKey: Guid(d0234ba368eeec9418390da711bfdad0) Importer(815301076,1909f56bfc062723c751e8b465ee728b)
Start importing Assets/Materials using Guid(d0234ba368eeec9418390da711bfdad0) Importer(815301076,1909f56bfc062723c751e8b465ee728b)  -> (artifact id: 'a5d3c98fce56d77d0054b519b7760a4b') in 0.024426 seconds
  Import took 0.029733 seconds .

========================================================================
Received Import Request.
  Time since last request: 0.032854 seconds.
  path: Assets/Materials/Brick.mat
  artifactKey: Guid(5ece0b49f1ea03d41b4d2d9863527d99) Importer(815301076,1909f56bfc062723c751e8b465ee728b)
Start importing Assets/Materials/Brick.mat using Guid(5ece0b49f1ea03d41b4d2d9863527d99) Importer(815301076,1909f56bfc062723c751e8b465ee728b)  -> (artifact id: 'eba70bbdfe10b8d5c68573766101952c') in 0.075315 seconds
  Import took 0.080134 seconds .

========================================================================
Received Import Request.
  Time since last request: 0.000212 seconds.
  path: Assets/Materials/DeathZone.mat
  artifactKey: Guid(b171e0a86dd2cfb4d92092061cb1d5f1) Importer(815301076,1909f56bfc062723c751e8b465ee728b)
Start importing Assets/Materials/DeathZone.mat using Guid(b171e0a86dd2cfb4d92092061cb1d5f1) Importer(815301076,1909f56bfc062723c751e8b465ee728b)  -> (artifact id: 'b5883ccdfd7368b02285969441741727') in 0.025124 seconds
  Import took 0.033415 seconds .

========================================================================
Received Import Request.
  Time since last request: 1.207554 seconds.
  path: Assets/Settings/ForwardRenderer.asset
  artifactKey: Guid(4a8e21d5c33334b11b34a596161b9360) Importer(815301076,1909f56bfc062723c751e8b465ee728b)
Start importing Assets/Settings/ForwardRenderer.asset using Guid(4a8e21d5c33334b11b34a596161b9360) Importer(815301076,1909f56bfc062723c751e8b465ee728b)  -> (artifact id: '5a410613ed6b514a1584df84a08e1d92') in 0.014308 seconds
  Import took 0.021204 seconds .

========================================================================
Received Import Request.
  Time since last request: 0.000220 seconds.
  path: Assets/Settings/UniversalRP-LowQuality.asset
  artifactKey: Guid(a31e9f9f9c9d4b9429ed0d1234e22103) Importer(815301076,1909f56bfc062723c751e8b465ee728b)
Start importing Assets/Settings/UniversalRP-LowQuality.asset using Guid(a31e9f9f9c9d4b9429ed0d1234e22103) Importer(815301076,1909f56bfc062723c751e8b465ee728b)  -> (artifact id: 'e6136857918cd60fa6701d72691bc8a4') in 0.011277 seconds
  Import took 0.017429 seconds .

========================================================================
Received Import Request.
  Time since last request: 3145.530145 seconds.
  path: Assets/Scripts/MainManager.cs
  artifactKey: Guid(d110623a642692246a42fbc2d8d89884) Importer(815301076,1909f56bfc062723c751e8b465ee728b)
Start importing Assets/Scripts/MainManager.cs using Guid(d110623a642692246a42fbc2d8d89884) Importer(815301076,1909f56bfc062723c751e8b465ee728b)  -> (artifact id: 'c840ff90a468c841c11efe49801efa9b') in 0.015052 seconds
  Import took 0.021181 seconds .

========================================================================
Received Import Request.
  Time since last request: 0.024182 seconds.
  path: Assets/Scripts/MainManager.cs
  artifactKey: Guid(d110623a642692246a42fbc2d8d89884) Importer(815301076,1909f56bfc062723c751e8b465ee728b)
Start importing Assets/Scripts/MainManager.cs using Guid(d110623a642692246a42fbc2d8d89884) Importer(815301076,1909f56bfc062723c751e8b465ee728b)  -> (artifact id: 'c840ff90a468c841c11efe49801efa9b') in 0.004788 seconds
  Import took 0.009864 seconds .

========================================================================
Received Prepare
Registering precompiled user dll's ...
Registered in 0.002692 seconds.
Begin MonoManager ReloadAssembly
Native extension for WindowsStandalone target not found
Native extension for WebGL target not found
Refreshing native plugins compatible for Editor in 0.63 ms, found 0 plugins.
Preloading 0 native plugins for Editor in 0.00 ms.
Mono: successfully reloaded assembly
- Completed reload, in  2.331 seconds
Platform modules already initialized, skipping
Shader 'Universal Render Pipeline/Particles/Lit': fallback shader 'Universal Render Pipeline/Particles/SimpleLit' not found
Refreshing native plugins compatible for Editor in 0.86 ms, found 0 plugins.
Preloading 0 native plugins for Editor in 0.00 ms.
Unloading 2315 Unused Serialized files (Serialized files now loaded: 0)
System memory in use before: 113.0 MB.
System memory in use after: 113.3 MB.

Unloading 5 unused Assets to reduce memory usage. Loaded Objects now: 2950.
Total: 4.246800 ms (FindLiveObjects: 0.492300 ms CreateObjectMapping: 0.298200 ms MarkObjects: 3.410200 ms  DeleteObjects: 0.042400 ms)

========================================================================
Received Import Request.
  Time since last request: 172.064383 seconds.
  path: Assets/Scenes/menu.unity
  artifactKey: Guid(fdc8e2ab2b2b09d41a034fe2ee24300a) Importer(815301076,1909f56bfc062723c751e8b465ee728b)
Start importing Assets/Scenes/menu.unity using Guid(fdc8e2ab2b2b09d41a034fe2ee24300a) Importer(815301076,1909f56bfc062723c751e8b465ee728b)  -> (artifact id: '5a7414843ef67ee50ff02f61de8dbd33') in 0.024874 seconds
  Import took 0.030076 seconds .

========================================================================
Received Prepare
Registering precompiled user dll's ...
Registered in 0.002133 seconds.
Begin MonoManager ReloadAssembly
Native extension for WindowsStandalone target not found
Native extension for WebGL target not found
Refreshing native plugins compatible for Editor in 0.37 ms, found 0 plugins.
Preloading 0 native plugins for Editor in 0.00 ms.
Mono: successfully reloaded assembly
- Completed reload, in  1.060 seconds
Platform modules already initialized, skipping
Shader 'Universal Render Pipeline/Particles/Lit': fallback shader 'Universal Render Pipeline/Particles/SimpleLit' not found
Refreshing native plugins compatible for Editor in 0.37 ms, found 0 plugins.
Preloading 0 native plugins for Editor in 0.00 ms.
Unloading 2326 Unused Serialized files (Serialized files now loaded: 0)
System memory in use before: 115.2 MB.
System memory in use after: 114.7 MB.

Unloading 18 unused Assets to reduce memory usage. Loaded Objects now: 2953.
Total: 2.982800 ms (FindLiveObjects: 0.314500 ms CreateObjectMapping: 0.159600 ms MarkObjects: 2.052400 ms  DeleteObjects: 0.454000 ms)

========================================================================
Received Import Request.
  Time since last request: 610.950854 seconds.
  path: Assets/Scenes/main.unity
  artifactKey: Guid(78a510c781f19db4da14f78ebb30946a) Importer(815301076,1909f56bfc062723c751e8b465ee728b)
Start importing Assets/Scenes/main.unity using Guid(78a510c781f19db4da14f78ebb30946a) Importer(815301076,1909f56bfc062723c751e8b465ee728b)  -> (artifact id: 'ee749c8638766fec2665ade542f4918f') in 0.018564 seconds
  Import took 0.025621 seconds .

========================================================================
Received Prepare
Registering precompiled user dll's ...
Registered in 0.002543 seconds.
Begin MonoManager ReloadAssembly
Native extension for WindowsStandalone target not found
Native extension for WebGL target not found
Refreshing native plugins compatible for Editor in 0.38 ms, found 0 plugins.
Preloading 0 native plugins for Editor in 0.00 ms.
Mono: successfully reloaded assembly
- Completed reload, in  0.956 seconds
Platform modules already initialized, skipping
Shader 'Universal Render Pipeline/Particles/Lit': fallback shader 'Universal Render Pipeline/Particles/SimpleLit' not found
Refreshing native plugins compatible for Editor in 0.37 ms, found 0 plugins.
Preloading 0 native plugins for Editor in 0.00 ms.
Unloading 2326 Unused Serialized files (Serialized files now loaded: 0)
System memory in use before: 115.2 MB.
System memory in use after: 114.8 MB.

Unloading 18 unused Assets to reduce memory usage. Loaded Objects now: 2956.
Total: 3.908000 ms (FindLiveObjects: 0.285300 ms CreateObjectMapping: 0.135900 ms MarkObjects: 3.103800 ms  DeleteObjects: 0.381300 ms)

========================================================================
Received Import Request.
  Time since last request: 53.277704 seconds.
  path: Assets/Scenes/menu.unity
  artifactKey: Guid(fdc8e2ab2b2b09d41a034fe2ee24300a) Importer(815301076,1909f56bfc062723c751e8b465ee728b)
Start importing Assets/Scenes/menu.unity using Guid(fdc8e2ab2b2b09d41a034fe2ee24300a) Importer(815301076,1909f56bfc062723c751e8b465ee728b)  -> (artifact id: '9cefc60ea71773096f3370ee2f654594') in 0.019454 seconds
  Import took 0.025087 seconds .

========================================================================
Received Import Request.
  Time since last request: 26.729639 seconds.
  path: Assets/Scripts/MenuUIHandler.cs
  artifactKey: Guid(9d0ca21b9e7ef1a4fab75147e5b52ba4) Importer(815301076,1909f56bfc062723c751e8b465ee728b)
Start importing Assets/Scripts/MenuUIHandler.cs using Guid(9d0ca21b9e7ef1a4fab75147e5b52ba4) Importer(815301076,1909f56bfc062723c751e8b465ee728b)  -> (artifact id: '31e40d20bcbdf2b284dbe7e2754febc8') in 0.016652 seconds
  Import took 0.025481 seconds .

========================================================================
Received Prepare
Registering precompiled user dll's ...
Registered in 0.001835 seconds.
Begin MonoManager ReloadAssembly
Native extension for WindowsStandalone target not found
Native extension for WebGL target not found
Refreshing native plugins compatible for Editor in 0.39 ms, found 0 plugins.
Preloading 0 native plugins for Editor in 0.00 ms.
Mono: successfully reloaded assembly
- Completed reload, in  0.938 seconds
Platform modules already initialized, skipping
Shader 'Universal Render Pipeline/Particles/Lit': fallback shader 'Universal Render Pipeline/Particles/SimpleLit' not found
Refreshing native plugins compatible for Editor in 0.49 ms, found 0 plugins.
Preloading 0 native plugins for Editor in 0.00 ms.
Unloading 2327 Unused Serialized files (Serialized files now loaded: 0)
System memory in use before: 115.1 MB.
System memory in use after: 114.7 MB.

Unloading 18 unused Assets to reduce memory usage. Loaded Objects now: 2960.
Total: 2.846100 ms (FindLiveObjects: 0.392500 ms CreateObjectMapping: 0.152400 ms MarkObjects: 1.967100 ms  DeleteObjects: 0.332400 ms)

========================================================================
Received Prepare
Registering precompiled user dll's ...
Registered in 0.002007 seconds.
Begin MonoManager ReloadAssembly
Native extension for WindowsStandalone target not found
Native extension for WebGL target not found
Refreshing native plugins compatible for Editor in 0.37 ms, found 0 plugins.
Preloading 0 native plugins for Editor in 0.00 ms.
Mono: successfully reloaded assembly
- Completed reload, in  0.999 seconds
Platform modules already initialized, skipping
Shader 'Universal Render Pipeline/Particles/Lit': fallback shader 'Universal Render Pipeline/Particles/SimpleLit' not found
Refreshing native plugins compatible for Editor in 0.38 ms, found 0 plugins.
Preloading 0 native plugins for Editor in 0.00 ms.
Unloading 2327 Unused Serialized files (Serialized files now loaded: 0)
System memory in use before: 115.2 MB.
System memory in use after: 114.8 MB.

Unloading 18 unused Assets to reduce memory usage. Loaded Objects now: 2963.
Total: 3.015200 ms (FindLiveObjects: 0.307300 ms CreateObjectMapping: 0.122200 ms MarkObjects: 2.251100 ms  DeleteObjects: 0.333400 ms)

========================================================================
Received Import Request.
  Time since last request: 124.400154 seconds.
  path: Assets/Scenes/menu.unity
  artifactKey: Guid(fdc8e2ab2b2b09d41a034fe2ee24300a) Importer(815301076,1909f56bfc062723c751e8b465ee728b)
Start importing Assets/Scenes/menu.unity using Guid(fdc8e2ab2b2b09d41a034fe2ee24300a) Importer(815301076,1909f56bfc062723c751e8b465ee728b)  -> (artifact id: '74af9ea653ab3801b1edc87bb694ceeb') in 0.018392 seconds
  Import took 0.025664 seconds .

========================================================================
Received Prepare
Registering precompiled user dll's ...
Registered in 0.002172 seconds.
Begin MonoManager ReloadAssembly
Native extension for WindowsStandalone target not found
Native extension for WebGL target not found
Refreshing native plugins compatible for Editor in 0.56 ms, found 0 plugins.
Preloading 0 native plugins for Editor in 0.00 ms.
Mono: successfully reloaded assembly
- Completed reload, in  1.032 seconds
Platform modules already initialized, skipping
Shader 'Universal Render Pipeline/Particles/Lit': fallback shader 'Universal Render Pipeline/Particles/SimpleLit' not found
Refreshing native plugins compatible for Editor in 0.38 ms, found 0 plugins.
Preloading 0 native plugins for Editor in 0.00 ms.
Unloading 2327 Unused Serialized files (Serialized files now loaded: 0)
System memory in use before: 115.3 MB.
System memory in use after: 114.8 MB.

Unloading 18 unused Assets to reduce memory usage. Loaded Objects now: 2966.
Total: 4.471600 ms (FindLiveObjects: 0.483300 ms CreateObjectMapping: 0.167300 ms MarkObjects: 3.290700 ms  DeleteObjects: 0.528700 ms)

========================================================================
Received Prepare
Registering precompiled user dll's ...
Registered in 0.002391 seconds.
Begin MonoManager ReloadAssembly
Native extension for WindowsStandalone target not found
Native extension for WebGL target not found
Refreshing native plugins compatible for Editor in 0.38 ms, found 0 plugins.
Preloading 0 native plugins for Editor in 0.00 ms.
Mono: successfully reloaded assembly
- Completed reload, in  1.267 seconds
Platform modules already initialized, skipping
Shader 'Universal Render Pipeline/Particles/Lit': fallback shader 'Universal Render Pipeline/Particles/SimpleLit' not found
Refreshing native plugins compatible for Editor in 0.55 ms, found 0 plugins.
Preloading 0 native plugins for Editor in 0.00 ms.
Unloading 2327 Unused Serialized files (Serialized files now loaded: 0)
System memory in use before: 115.3 MB.
System memory in use after: 114.8 MB.

Unloading 18 unused Assets to reduce memory usage. Loaded Objects now: 2969.
Total: 3.870200 ms (FindLiveObjects: 0.557000 ms CreateObjectMapping: 0.207000 ms MarkObjects: 2.760100 ms  DeleteObjects: 0.342700 ms)

========================================================================
Received Prepare
Registering precompiled user dll's ...
Registered in 0.001844 seconds.
Begin MonoManager ReloadAssembly
Native extension for WindowsStandalone target not found
Native extension for WebGL target not found
Refreshing native plugins compatible for Editor in 0.37 ms, found 0 plugins.
Preloading 0 native plugins for Editor in 0.00 ms.
Mono: successfully reloaded assembly
- Completed reload, in  0.932 seconds
Platform modules already initialized, skipping
Shader 'Universal Render Pipeline/Particles/Lit': fallback shader 'Universal Render Pipeline/Particles/SimpleLit' not found
Refreshing native plugins compatible for Editor in 0.43 ms, found 0 plugins.
Preloading 0 native plugins for Editor in 0.00 ms.
Unloading 2327 Unused Serialized files (Serialized files now loaded: 0)
System memory in use before: 115.3 MB.
System memory in use after: 114.8 MB.

Unloading 18 unused Assets to reduce memory usage. Loaded Objects now: 2972.
Total: 3.109800 ms (FindLiveObjects: 0.546200 ms CreateObjectMapping: 0.232700 ms MarkObjects: 1.945400 ms  DeleteObjects: 0.383000 ms)

========================================================================
Received Prepare
Registering precompiled user dll's ...
Registered in 0.002308 seconds.
Begin MonoManager ReloadAssembly
Native extension for WindowsStandalone target not found
Native extension for WebGL target not found
Refreshing native plugins compatible for Editor in 0.42 ms, found 0 plugins.
Preloading 0 native plugins for Editor in 0.00 ms.
Mono: successfully reloaded assembly
- Completed reload, in  0.980 seconds
Platform modules already initialized, skipping
Shader 'Universal Render Pipeline/Particles/Lit': fallback shader 'Universal Render Pipeline/Particles/SimpleLit' not found
Refreshing native plugins compatible for Editor in 0.41 ms, found 0 plugins.
Preloading 0 native plugins for Editor in 0.00 ms.
Unloading 2327 Unused Serialized files (Serialized files now loaded: 0)
System memory in use before: 115.2 MB.
System memory in use after: 114.7 MB.

Unloading 18 unused Assets to reduce memory usage. Loaded Objects now: 2975.
Total: 3.396800 ms (FindLiveObjects: 0.309000 ms CreateObjectMapping: 0.163400 ms MarkObjects: 2.580200 ms  DeleteObjects: 0.342800 ms)

========================================================================
Received Prepare
Registering precompiled user dll's ...
Registered in 0.001626 seconds.
Begin MonoManager ReloadAssembly
Native extension for WindowsStandalone target not found
Native extension for WebGL target not found
Refreshing native plugins compatible for Editor in 0.37 ms, found 0 plugins.
Preloading 0 native plugins for Editor in 0.00 ms.
Mono: successfully reloaded assembly
- Completed reload, in  0.882 seconds
Platform modules already initialized, skipping
Shader 'Universal Render Pipeline/Particles/Lit': fallback shader 'Universal Render Pipeline/Particles/SimpleLit' not found
Refreshing native plugins compatible for Editor in 0.40 ms, found 0 plugins.
Preloading 0 native plugins for Editor in 0.00 ms.
Unloading 2327 Unused Serialized files (Serialized files now loaded: 0)
System memory in use before: 115.4 MB.
System memory in use after: 115.0 MB.

Unloading 18 unused Assets to reduce memory usage. Loaded Objects now: 2978.
Total: 3.172500 ms (FindLiveObjects: 0.282900 ms CreateObjectMapping: 0.135100 ms MarkObjects: 2.350800 ms  DeleteObjects: 0.402800 ms)

========================================================================
Received Import Request.
  Time since last request: 828.321857 seconds.
  path: Assets/Scenes/menu.unity
  artifactKey: Guid(fdc8e2ab2b2b09d41a034fe2ee24300a) Importer(815301076,1909f56bfc062723c751e8b465ee728b)
Start importing Assets/Scenes/menu.unity using Guid(fdc8e2ab2b2b09d41a034fe2ee24300a) Importer(815301076,1909f56bfc062723c751e8b465ee728b)  -> (artifact id: '7231c2b471128763392c0875c39382c9') in 0.016834 seconds
  Import took 0.022540 seconds .

========================================================================
Received Prepare
Registering precompiled user dll's ...
Registered in 0.001330 seconds.
Begin MonoManager ReloadAssembly
Native extension for WindowsStandalone target not found
Native extension for WebGL target not found
Refreshing native plugins compatible for Editor in 0.38 ms, found 0 plugins.
Preloading 0 native plugins for Editor in 0.00 ms.
Mono: successfully reloaded assembly
- Completed reload, in  1.003 seconds
Platform modules already initialized, skipping
Shader 'Universal Render Pipeline/Particles/Lit': fallback shader 'Universal Render Pipeline/Particles/SimpleLit' not found
Refreshing native plugins compatible for Editor in 0.41 ms, found 0 plugins.
Preloading 0 native plugins for Editor in 0.00 ms.
Unloading 2328 Unused Serialized files (Serialized files now loaded: 0)
System memory in use before: 115.3 MB.
System memory in use after: 114.9 MB.

Unloading 18 unused Assets to reduce memory usage. Loaded Objects now: 2982.
Total: 2.949600 ms (FindLiveObjects: 0.347400 ms CreateObjectMapping: 0.156100 ms MarkObjects: 2.102100 ms  DeleteObjects: 0.343000 ms)

========================================================================
Received Prepare
Registering precompiled user dll's ...
Registered in 0.001636 seconds.
Begin MonoManager ReloadAssembly
Native extension for WindowsStandalone target not found
Native extension for WebGL target not found
Refreshing native plugins compatible for Editor in 0.44 ms, found 0 plugins.
Preloading 0 native plugins for Editor in 0.00 ms.
Mono: successfully reloaded assembly
- Completed reload, in  1.036 seconds
Platform modules already initialized, skipping
Shader 'Universal Render Pipeline/Particles/Lit': fallback shader 'Universal Render Pipeline/Particles/SimpleLit' not found
Refreshing native plugins compatible for Editor in 0.69 ms, found 0 plugins.
Preloading 0 native plugins for Editor in 0.00 ms.
Unloading 2328 Unused Serialized files (Serialized files now loaded: 0)
System memory in use before: 115.3 MB.
System memory in use after: 114.9 MB.

Unloading 18 unused Assets to reduce memory usage. Loaded Objects now: 2985.
Total: 3.004600 ms (FindLiveObjects: 0.305200 ms CreateObjectMapping: 0.157100 ms MarkObjects: 2.184900 ms  DeleteObjects: 0.356200 ms)

========================================================================
Received Prepare
Registering precompiled user dll's ...
Registered in 0.001789 seconds.
Begin MonoManager ReloadAssembly
Native extension for WindowsStandalone target not found
Native extension for WebGL target not found
Refreshing native plugins compatible for Editor in 0.48 ms, found 0 plugins.
Preloading 0 native plugins for Editor in 0.00 ms.
Mono: successfully reloaded assembly
- Completed reload, in  1.035 seconds
Platform modules already initialized, skipping
Shader 'Universal Render Pipeline/Particles/Lit': fallback shader 'Universal Render Pipeline/Particles/SimpleLit' not found
Refreshing native plugins compatible for Editor in 0.38 ms, found 0 plugins.
Preloading 0 native plugins for Editor in 0.00 ms.
Unloading 2328 Unused Serialized files (Serialized files now loaded: 0)
System memory in use before: 115.3 MB.
System memory in use after: 114.9 MB.

Unloading 18 unused Assets to reduce memory usage. Loaded Objects now: 2988.
Total: 4.675700 ms (FindLiveObjects: 0.647800 ms CreateObjectMapping: 0.337300 ms MarkObjects: 3.360100 ms  DeleteObjects: 0.328300 ms)

========================================================================
Received Import Request.
  Time since last request: 294.789567 seconds.
  path: Assets/Scenes/main.unity
  artifactKey: Guid(78a510c781f19db4da14f78ebb30946a) Importer(815301076,1909f56bfc062723c751e8b465ee728b)
Start importing Assets/Scenes/main.unity using Guid(78a510c781f19db4da14f78ebb30946a) Importer(815301076,1909f56bfc062723c751e8b465ee728b)  -> (artifact id: '17bcd8448887ca3d5ba244f968d14785') in 0.020397 seconds
  Import took 0.025747 seconds .

========================================================================
Received Import Request.
  Time since last request: 19.098538 seconds.
  path: Assets/Scenes/menu.unity
  artifactKey: Guid(fdc8e2ab2b2b09d41a034fe2ee24300a) Importer(815301076,1909f56bfc062723c751e8b465ee728b)
Start importing Assets/Scenes/menu.unity using Guid(fdc8e2ab2b2b09d41a034fe2ee24300a) Importer(815301076,1909f56bfc062723c751e8b465ee728b)  -> (artifact id: 'd64c5abcbaf538648cd2a88790eb0e27') in 0.005706 seconds
  Import took 0.012696 seconds .

========================================================================
Received Prepare
Registering precompiled user dll's ...
Registered in 0.002102 seconds.
Begin MonoManager ReloadAssembly
Native extension for WindowsStandalone target not found
Native extension for WebGL target not found
Refreshing native plugins compatible for Editor in 0.38 ms, found 0 plugins.
Preloading 0 native plugins for Editor in 0.00 ms.
Mono: successfully reloaded assembly
- Completed reload, in  1.059 seconds
Platform modules already initialized, skipping
Shader 'Universal Render Pipeline/Particles/Lit': fallback shader 'Universal Render Pipeline/Particles/SimpleLit' not found
Refreshing native plugins compatible for Editor in 0.42 ms, found 0 plugins.
Preloading 0 native plugins for Editor in 0.00 ms.
Unloading 2328 Unused Serialized files (Serialized files now loaded: 0)
System memory in use before: 115.3 MB.
System memory in use after: 114.8 MB.

Unloading 18 unused Assets to reduce memory usage. Loaded Objects now: 2991.
Total: 3.111300 ms (FindLiveObjects: 0.472700 ms CreateObjectMapping: 0.241300 ms MarkObjects: 2.046900 ms  DeleteObjects: 0.347900 ms)

========================================================================
Received Prepare
Registering precompiled user dll's ...
Registered in 0.002213 seconds.
Begin MonoManager ReloadAssembly
Native extension for WindowsStandalone target not found
Native extension for WebGL target not found
Refreshing native plugins compatible for Editor in 0.51 ms, found 0 plugins.
Preloading 0 native plugins for Editor in 0.00 ms.
Mono: successfully reloaded assembly
- Completed reload, in  1.024 seconds
Platform modules already initialized, skipping
Shader 'Universal Render Pipeline/Particles/Lit': fallback shader 'Universal Render Pipeline/Particles/SimpleLit' not found
Refreshing native plugins compatible for Editor in 0.41 ms, found 0 plugins.
Preloading 0 native plugins for Editor in 0.00 ms.
Unloading 2328 Unused Serialized files (Serialized files now loaded: 0)
System memory in use before: 115.4 MB.
System memory in use after: 114.9 MB.

Unloading 18 unused Assets to reduce memory usage. Loaded Objects now: 2994.
Total: 4.097300 ms (FindLiveObjects: 0.814800 ms CreateObjectMapping: 0.207300 ms MarkObjects: 2.737900 ms  DeleteObjects: 0.335400 ms)

========================================================================
Received Prepare
Registering precompiled user dll's ...
Registered in 0.001904 seconds.
Begin MonoManager ReloadAssembly
Native extension for WindowsStandalone target not found
Native extension for WebGL target not found
Refreshing native plugins compatible for Editor in 0.37 ms, found 0 plugins.
Preloading 0 native plugins for Editor in 0.00 ms.
Mono: successfully reloaded assembly
- Completed reload, in  1.078 seconds
Platform modules already initialized, skipping
Shader 'Universal Render Pipeline/Particles/Lit': fallback shader 'Universal Render Pipeline/Particles/SimpleLit' not found
Refreshing native plugins compatible for Editor in 0.43 ms, found 0 plugins.
Preloading 0 native plugins for Editor in 0.00 ms.
Unloading 2328 Unused Serialized files (Serialized files now loaded: 0)
System memory in use before: 115.4 MB.
System memory in use after: 114.9 MB.

Unloading 18 unused Assets to reduce memory usage. Loaded Objects now: 2997.
Total: 3.627000 ms (FindLiveObjects: 0.509500 ms CreateObjectMapping: 0.225000 ms MarkObjects: 2.492000 ms  DeleteObjects: 0.399100 ms)

========================================================================
Received Prepare
Registering precompiled user dll's ...
Registered in 0.002191 seconds.
Begin MonoManager ReloadAssembly
Native extension for WindowsStandalone target not found
Native extension for WebGL target not found
Refreshing native plugins compatible for Editor in 0.37 ms, found 0 plugins.
Preloading 0 native plugins for Editor in 0.00 ms.
Mono: successfully reloaded assembly
- Completed reload, in  1.027 seconds
Platform modules already initialized, skipping
Shader 'Universal Render Pipeline/Particles/Lit': fallback shader 'Universal Render Pipeline/Particles/SimpleLit' not found
Refreshing native plugins compatible for Editor in 0.37 ms, found 0 plugins.
Preloading 0 native plugins for Editor in 0.00 ms.
Unloading 2328 Unused Serialized files (Serialized files now loaded: 0)
System memory in use before: 115.4 MB.
System memory in use after: 114.9 MB.

Unloading 18 unused Assets to reduce memory usage. Loaded Objects now: 3000.
Total: 3.004200 ms (FindLiveObjects: 0.294600 ms CreateObjectMapping: 0.136100 ms MarkObjects: 2.094400 ms  DeleteObjects: 0.477700 ms)

========================================================================
Received Prepare
Registering precompiled user dll's ...
Registered in 0.002384 seconds.
Begin MonoManager ReloadAssembly
Native extension for WindowsStandalone target not found
Native extension for WebGL target not found
Refreshing native plugins compatible for Editor in 0.41 ms, found 0 plugins.
Preloading 0 native plugins for Editor in 0.00 ms.
Mono: successfully reloaded assembly
- Completed reload, in  1.040 seconds
Platform modules already initialized, skipping
Shader 'Universal Render Pipeline/Particles/Lit': fallback shader 'Universal Render Pipeline/Particles/SimpleLit' not found
Refreshing native plugins compatible for Editor in 0.48 ms, found 0 plugins.
Preloading 0 native plugins for Editor in 0.00 ms.
Unloading 2328 Unused Serialized files (Serialized files now loaded: 0)
System memory in use before: 115.4 MB.
System memory in use after: 114.9 MB.

Unloading 18 unused Assets to reduce memory usage. Loaded Objects now: 3003.
Total: 3.527000 ms (FindLiveObjects: 0.488500 ms CreateObjectMapping: 0.311200 ms MarkObjects: 2.377700 ms  DeleteObjects: 0.348200 ms)

========================================================================
Received Prepare
Registering precompiled user dll's ...
Registered in 0.001870 seconds.
Begin MonoManager ReloadAssembly
Native extension for WindowsStandalone target not found
Native extension for WebGL target not found
Refreshing native plugins compatible for Editor in 0.39 ms, found 0 plugins.
Preloading 0 native plugins for Editor in 0.00 ms.
Mono: successfully reloaded assembly
- Completed reload, in  1.019 seconds
Platform modules already initialized, skipping
Shader 'Universal Render Pipeline/Particles/Lit': fallback shader 'Universal Render Pipeline/Particles/SimpleLit' not found
Refreshing native plugins compatible for Editor in 0.38 ms, found 0 plugins.
Preloading 0 native plugins for Editor in 0.00 ms.
Unloading 2328 Unused Serialized files (Serialized files now loaded: 0)
System memory in use before: 115.3 MB.
System memory in use after: 114.8 MB.

Unloading 18 unused Assets to reduce memory usage. Loaded Objects now: 3006.
Total: 3.827300 ms (FindLiveObjects: 0.306200 ms CreateObjectMapping: 0.135400 ms MarkObjects: 2.850900 ms  DeleteObjects: 0.533300 ms)

========================================================================
Received Prepare
Registering precompiled user dll's ...
Registered in 0.002126 seconds.
Begin MonoManager ReloadAssembly
Native extension for WindowsStandalone target not found
Native extension for WebGL target not found
Refreshing native plugins compatible for Editor in 0.40 ms, found 0 plugins.
Preloading 0 native plugins for Editor in 0.00 ms.
Mono: successfully reloaded assembly
- Completed reload, in  1.084 seconds
Platform modules already initialized, skipping
Shader 'Universal Render Pipeline/Particles/Lit': fallback shader 'Universal Render Pipeline/Particles/SimpleLit' not found
Refreshing native plugins compatible for Editor in 0.42 ms, found 0 plugins.
Preloading 0 native plugins for Editor in 0.00 ms.
Unloading 2328 Unused Serialized files (Serialized files now loaded: 0)
System memory in use before: 115.5 MB.
System memory in use after: 115.1 MB.

Unloading 18 unused Assets to reduce memory usage. Loaded Objects now: 3009.
Total: 3.474700 ms (FindLiveObjects: 0.421500 ms CreateObjectMapping: 0.191000 ms MarkObjects: 2.520100 ms  DeleteObjects: 0.341000 ms)

========================================================================
Received Prepare
Registering precompiled user dll's ...
Registered in 0.001554 seconds.
Begin MonoManager ReloadAssembly
Native extension for WindowsStandalone target not found
Native extension for WebGL target not found
Refreshing native plugins compatible for Editor in 0.39 ms, found 0 plugins.
Preloading 0 native plugins for Editor in 0.00 ms.
Mono: successfully reloaded assembly
- Completed reload, in  1.074 seconds
Platform modules already initialized, skipping
Shader 'Universal Render Pipeline/Particles/Lit': fallback shader 'Universal Render Pipeline/Particles/SimpleLit' not found
Refreshing native plugins compatible for Editor in 0.41 ms, found 0 plugins.
Preloading 0 native plugins for Editor in 0.00 ms.
Unloading 2328 Unused Serialized files (Serialized files now loaded: 0)
System memory in use before: 115.4 MB.
System memory in use after: 115.0 MB.

Unloading 18 unused Assets to reduce memory usage. Loaded Objects now: 3012.
Total: 4.075100 ms (FindLiveObjects: 0.418600 ms CreateObjectMapping: 0.189800 ms MarkObjects: 2.993300 ms  DeleteObjects: 0.471800 ms)

========================================================================
Received Prepare
Registering precompiled user dll's ...
Registered in 0.001370 seconds.
Begin MonoManager ReloadAssembly
Native extension for WindowsStandalone target not found
Native extension for WebGL target not found
Refreshing native plugins compatible for Editor in 0.37 ms, found 0 plugins.
Preloading 0 native plugins for Editor in 0.00 ms.
Mono: successfully reloaded assembly
- Completed reload, in  1.007 seconds
Platform modules already initialized, skipping
Shader 'Universal Render Pipeline/Particles/Lit': fallback shader 'Universal Render Pipeline/Particles/SimpleLit' not found
Refreshing native plugins compatible for Editor in 0.58 ms, found 0 plugins.
Preloading 0 native plugins for Editor in 0.00 ms.
Unloading 2328 Unused Serialized files (Serialized files now loaded: 0)
System memory in use before: 115.4 MB.
System memory in use after: 115.0 MB.

Unloading 18 unused Assets to reduce memory usage. Loaded Objects now: 3015.
Total: 4.604600 ms (FindLiveObjects: 0.801800 ms CreateObjectMapping: 0.342900 ms MarkObjects: 3.007400 ms  DeleteObjects: 0.451200 ms)

========================================================================
Received Prepare
Registering precompiled user dll's ...
Registered in 0.002443 seconds.
Begin MonoManager ReloadAssembly
Native extension for WindowsStandalone target not found
Native extension for WebGL target not found
Refreshing native plugins compatible for Editor in 0.96 ms, found 0 plugins.
Preloading 0 native plugins for Editor in 0.00 ms.
Mono: successfully reloaded assembly
- Completed reload, in  1.095 seconds
Platform modules already initialized, skipping
Shader 'Universal Render Pipeline/Particles/Lit': fallback shader 'Universal Render Pipeline/Particles/SimpleLit' not found
Refreshing native plugins compatible for Editor in 0.41 ms, found 0 plugins.
Preloading 0 native plugins for Editor in 0.00 ms.
Unloading 2328 Unused Serialized files (Serialized files now loaded: 0)
System memory in use before: 115.4 MB.
System memory in use after: 115.0 MB.

Unloading 18 unused Assets to reduce memory usage. Loaded Objects now: 3018.
Total: 3.508800 ms (FindLiveObjects: 0.458900 ms CreateObjectMapping: 0.267700 ms MarkObjects: 2.445500 ms  DeleteObjects: 0.335000 ms)

AssetImportWorkerClient::OnTransportError - code=2 error=End of file
